"../../../Cyberspace/Content/mojeditorgameinstance.uasset" 0
"../../../Cyberspace/Content/CyberspaceGame/MainMenu_Game/MainMenuGameInstance.uasset" 1
"../../../Cyberspace/Content/CyberspaceGame/MainMenu_Game/SaveMainMenuSettings.uasset" 2
"../../../Cyberspace/Content/CyberspaceGame/MainMenu_Game/MainMenuHUD_Cyberspace_BP.uasset" 3
"../../../Cyberspace/Content/CyberspaceGame/Blueprints/GameModes/CyberspaceGameMode.uasset" 4
"../../../Cyberspace/Content/CyberspaceGame/MainMenu_Game/Images/Gumb_obrubljeni2.uasset" 5
"../../../Cyberspace/Content/CyberspaceGame/MainMenu_Game/Images/Gumb_obrubljeni3_CLICKED.uasset" 6
"../../../Cyberspace/Content/CyberspaceGame/MainMenu_Game/Images/NewMainMenu/Audio_new1.uasset" 7
"../../../Cyberspace/Content/CyberspaceGame/MainMenu_Game/Images/NewMainMenu/Controls_new1.uasset" 8
"../../../Cyberspace/Content/CyberspaceGame/MainMenu_Game/Images/NewMainMenu/DoyouwanttoapplychangesSettings_new1.uasset" 9
"../../../Cyberspace/Content/CyberspaceGame/MainMenu_Game/Images/NewMainMenu/Visuals_new1.uasset" 10
"../../../Cyberspace/Content/CyberspaceGame/MainMenu_Game/Images/NewMainMenu/Brightness_pictures/Brightness_high.uasset" 11
"../../../Cyberspace/Content/CyberspaceGame/MainMenu_Game/Images/NewMainMenu/Brightness_pictures/Brightness_low.uasset" 12
"../../../Cyberspace/Content/CyberspaceGame/MainMenu_Game/Images/NewMainMenu/Brightness_pictures/Brightness_normal.uasset" 13
"../../../Cyberspace/Content/CyberspaceGame/MainMenu_Game/Images/NewMainMenu/Brightness_pictures/Target21_bright.uasset" 14
"../../../Cyberspace/Content/CyberspaceGame/MainMenu_Game/Images/NewMainMenu/Brightness_pictures/Target21_low.uasset" 15
"../../../Cyberspace/Content/CyberspaceGame/MainMenu_Game/Images/NewMainMenu/Brightness_pictures/Target21_middle.uasset" 16
"../../../Cyberspace/Content/CyberspaceGame/MainMenu_Game/Images/NewMainMenu/Brightness_pictures/Target3_bright.uasset" 17
"../../../Cyberspace/Content/CyberspaceGame/MainMenu_Game/Images/NewMainMenu/Brightness_pictures/Target3_low.uasset" 18
"../../../Cyberspace/Content/CyberspaceGame/MainMenu_Game/Images/NewMainMenu/Brightness_pictures/Target3_middle.uasset" 19
"../../../Cyberspace/Content/CyberspaceGame/MainMenu_Game/Sounds/146717__fins__button.uasset" 20
"../../../Cyberspace/Content/CyberspaceGame/MainMenu_Game/Sounds/237434__qubodup__cyborg-fps-announcer-ii_UE4MainMenu.uasset" 21
"../../../Cyberspace/Content/CyberspaceGame/MainMenu_Game/Sounds/237434__qubodup__cyborg-fps-announcer-ii_UE4MainMenu_Cue.uasset" 22
"../../../Cyberspace/Content/CyberspaceGame/MainMenu_Game/Sounds/257762__xtrgamr__button-push-2.uasset" 23
"../../../Cyberspace/Content/CyberspaceGame/MainMenu_Game/Sounds/270598__hoerspielwerkstatt-hef__spaceship-rumble-bg.uasset" 24
"../../../Cyberspace/Content/CyberspaceGame/MainMenu_Game/Sounds/270643__hoerspielwerkstatt-hef__alarm5.uasset" 25
"../../../Cyberspace/Content/CyberspaceGame/MainMenu_Game/Sounds/272595__hoerspielwerkstatt-hef__drone6.uasset" 26
"../../../Cyberspace/Content/CyberspaceGame/MainMenu_Game/Sounds/390475_tjcason_lasersound_short.uasset" 27
"../../../Cyberspace/Content/CyberspaceGame/MainMenu_Game/Sounds/390475_tjcason_lasersound_short_Cue.uasset" 28
"../../../Cyberspace/Content/CyberspaceGame/MainMenu_Game/Sounds/beep-06.uasset" 29
"../../../Cyberspace/Content/CyberspaceGame/MainMenu_Game/Sounds/button-13.uasset" 30
"../../../Cyberspace/Content/CyberspaceGame/MainMenu_Game/Sounds/button-14.uasset" 31
"../../../Cyberspace/Content/CyberspaceGame/MainMenu_Game/Sounds/button-15.uasset" 32
"../../../Cyberspace/Content/CyberspaceGame/MainMenu_Game/Sounds/button-16.uasset" 33
"../../../Cyberspace/Content/CyberspaceGame/MainMenu_Game/Sounds/button-24.uasset" 34
"../../../Cyberspace/Content/CyberspaceGame/MainMenu_Game/Sounds/_CREATIVE_COMMONS_MUSIC_CINEMATIC_DARK_AMBIENT_SCI.uasset" 35
"../../../Engine/Content/Functions/Engine_MaterialFunctions01/Opacity/CameraDepthFade.uasset" 36
"../../../Engine/Content/EngineMaterials/T_Default_Material_Grid_M.uasset" 37
"../../../Engine/Content/EngineMaterials/T_Default_Material_Grid_N.uasset" 38
"../../../Engine/Content/EngineMaterials/DefaultMaterial.uasset" 39
"../../../Engine/Content/BasicShapes/Cone.uasset" 40
"../../../Engine/Content/BasicShapes/Cylinder.uasset" 41
"../../../Engine/Content/EngineMaterials/WorldGridMaterial.uasset" 42
"../../../Engine/Content/BasicShapes/Plane.uasset" 43
"../../../Engine/Content/EditorLandscapeResources/DataLayer.uasset" 44
"../../../Engine/Content/EditorMaterials/GizmoMaterial.uasset" 45
"../../../Engine/Content/EditorMaterials/MAT_Groups_Toggle.uasset" 46
"../../../Engine/Content/EditorMaterials/MAT_Groups_Visibility.uasset" 47
"../../../Engine/Content/EditorMaterials/PreviewShadowIndicator.uasset" 48
"../../../Engine/Content/EditorMaterials/PreviewShadowIndicatorMaterial.uasset" 49
"../../../Engine/Content/EditorMaterials/MatineeGroups/MAT_ColorTrack.uasset" 50
"../../../Engine/Content/EditorMaterials/MatineeGroups/MAT_Groups_Anim.uasset" 51
"../../../Engine/Content/EditorMaterials/MatineeGroups/MAT_Groups_AudioMaster.uasset" 52
"../../../Engine/Content/EditorMaterials/MatineeGroups/MAT_Groups_Director.uasset" 53
"../../../Engine/Content/EditorMaterials/MatineeGroups/MAT_Groups_Event.uasset" 54
"../../../Engine/Content/EditorMaterials/MatineeGroups/MAT_Groups_Fade.uasset" 55
"../../../Engine/Content/EditorMaterials/MatineeGroups/MAT_Groups_Float.uasset" 56
"../../../Engine/Content/EditorMaterials/MatineeGroups/MAT_Groups_Move.uasset" 57
"../../../Engine/Content/EditorMaterials/MatineeGroups/MAT_Groups_Slomo.uasset" 58
"../../../Engine/Content/EditorMaterials/MatineeGroups/MAT_Groups_Sound.uasset" 59
"../../../Engine/Content/EditorMaterials/MatineeGroups/MAT_Groups_Vector.uasset" 60
"../../../Engine/Content/EditorMaterials/ParticleSystems/PSysThumbnail_NoImage.uasset" 61
"../../../Engine/Content/EditorMaterials/ParticleSystems/PSysThumbnail_OOD.uasset" 62
"../../../Engine/Content/EditorMaterials/Camera/CineMat.uasset" 63
"../../../Engine/Content/EditorMaterials/Camera/MI_CineMat_Rig.uasset" 64
"../../../Engine/Content/EditorMeshes/Camera/SM_CraneRig_Arm.uasset" 65
"../../../Engine/Content/EditorMeshes/Camera/SM_CraneRig_Base.uasset" 66
"../../../Engine/Content/EditorMeshes/Camera/SM_CraneRig_Body.uasset" 67
"../../../Engine/Content/EditorMeshes/Camera/SM_CraneRig_Mount.uasset" 68
"../../../Engine/Content/EditorMeshes/Camera/SM_RailRig_Mount.uasset" 69
"../../../Engine/Content/EditorMeshes/Camera/SM_RailRig_Track.uasset" 70
"../../../Engine/Content/EditorMeshes/ColorCalibrator/M_ChromeBall.uasset" 71
"../../../Engine/Content/EditorMeshes/ColorCalibrator/M_ClearCoat.uasset" 72
"../../../Engine/Content/EditorMeshes/ColorCalibrator/M_ClearCoatBlack.uasset" 73
"../../../Engine/Content/EditorMeshes/ColorCalibrator/Color_checker.uasset" 74
"../../../Engine/Content/EditorMeshes/ColorCalibrator/M_ColorGrid.uasset" 75
"../../../Engine/Content/EditorMeshes/ColorCalibrator/M_GreyBall.uasset" 76
"../../../Engine/Content/EditorMeshes/ColorCalibrator/SM_ColorCalibrator.uasset" 77
"../../../Engine/Content/EditorResources/BSPVertex.uasset" 78
"../../../Engine/Content/EditorResources/EmptyActor.uasset" 79
"../../../Engine/Content/EditorResources/S_Actor.uasset" 80
"../../../Engine/Content/EditorResources/S_Trigger.uasset" 81
"../../../Engine/Content/EditorResources/AudioIcons/S_AudioComponent_AutoActivate.uasset" 82
"../../../Engine/Content/EditorResources/LightIcons/S_LightError.uasset" 83
"../../../Engine/Content/EditorResources/SequenceRecorder/Countdown.uasset" 84
"../../../Engine/Content/EditorResources/SequenceRecorder/RecordingIndicator.uasset" 85
"../../../Engine/Content/EditorSounds/Notifications/CompileFailed.uasset" 86
"../../../Engine/Content/EditorSounds/Notifications/CompileFailed_Cue.uasset" 87
"../../../Engine/Content/EditorSounds/Notifications/CompileSuccess.uasset" 88
"../../../Engine/Content/EditorSounds/Notifications/CompileStart_Cue.uasset" 89
"../../../Engine/Content/EditorSounds/Notifications/CompileSuccess_Cue.uasset" 90
"../../../Engine/Content/EngineDamageTypes/DmgTypeBP_Environmental.uasset" 91
"../../../Engine/Content/EngineDebugMaterials/HeatmapGradient.uasset" 92
"../../../Engine/Content/EngineDebugMaterials/BoneWeightMaterial.uasset" 93
"../../../Engine/Content/EngineDebugMaterials/ClothMaterial.uasset" 94
"../../../Engine/Content/EngineDebugMaterials/ClothMaterial_WF.uasset" 95
"../../../Engine/Content/EngineDebugMaterials/DebugEditorMaterial.uasset" 96
"../../../Engine/Content/EngineDebugMaterials/DebugMeshMaterial.uasset" 97
"../../../Engine/Content/EngineDebugMaterials/GeomMaterial.uasset" 98
"../../../Engine/Content/EngineFonts/Faces/RobotoBold.uasset" 99
"../../../Engine/Content/EngineFonts/Faces/RobotoBoldItalic.uasset" 100
"../../../Engine/Content/EngineFonts/Faces/RobotoItalic.uasset" 101
"../../../Engine/Content/EngineFonts/Faces/RobotoLight.uasset" 102
"../../../Engine/Content/EngineFonts/Faces/RobotoRegular.uasset" 103
"../../../Engine/Content/EngineFonts/Roboto.uasset" 104
"../../../Engine/Content/EngineFonts/Faces/RobotoTiny.uasset" 105
"../../../Engine/Content/EngineFonts/RobotoTiny.uasset" 106
"../../../Engine/Content/EngineMaterials/DefaultBloomKernel.uasset" 107
"../../../Engine/Content/EngineMaterials/DefaultBokeh.uasset" 108
"../../../Engine/Content/EngineMaterials/DefaultDiffuse.uasset" 109
"../../../Engine/Content/EngineMaterials/DefaultDeferredDecalMaterial.uasset" 110
"../../../Engine/Content/EngineMaterials/DefaultLightFunctionMaterial.uasset" 111
"../../../Engine/Content/EngineMaterials/DefaultPhysicalMaterial.uasset" 112
"../../../Engine/Content/Functions/Engine_MaterialFunctions02/Utility/BreakOutFloat2Components.uasset" 113
"../../../Engine/Content/EngineMaterials/DefaultPostProcessMaterial.uasset" 114
"../../../Engine/Content/EngineFonts/RobotoDistanceField.uasset" 115
"../../../Engine/Content/EngineMaterials/DefaultTextMaterialOpaque.uasset" 116
"../../../Engine/Content/EngineMaterials/DefaultWhiteGrid.uasset" 117
"../../../Engine/Content/EngineMaterials/EditorBrushMaterial.uasset" 118
"../../../Engine/Content/EngineMaterials/Good64x64TilingNoiseHighFreq.uasset" 119
"../../../Engine/Content/EngineMaterials/MiniFont.uasset" 120
"../../../Engine/Content/EngineMaterials/InvalidLightmapSettings.uasset" 121
"../../../Engine/Content/EngineMaterials/M_InvalidLightmapSettings.uasset" 122
"../../../Engine/Content/Functions/Engine_MaterialFunctions02/WorldPositionOffset/CameraOffset.uasset" 123
"../../../Engine/Content/EngineMaterials/PhAT_JointLimitMaterial.uasset" 124
"../../../Engine/Content/EngineMaterials/PreintegratedSkinBRDF.uasset" 125
"../../../Engine/Content/EngineMaterials/RemoveSurfaceMaterial.uasset" 126
"../../../Engine/Content/EngineMaterials/WeightMapPlaceholderTexture.uasset" 127
"../../../Engine/Content/EngineResources/WhiteSquareTexture.uasset" 128
"../../../Engine/Content/EngineMaterials/Widget3DPassThrough.uasset" 129
"../../../Engine/Content/EngineMaterials/Widget3DPassThrough_Masked.uasset" 130
"../../../Engine/Content/EngineMaterials/Widget3DPassThrough_Opaque.uasset" 131
"../../../Engine/Content/EngineMaterials/Widget3DPassThrough_Masked_OneSided.uasset" 132
"../../../Engine/Content/EngineMaterials/Widget3DPassThrough_Opaque_OneSided.uasset" 133
"../../../Engine/Content/EngineMaterials/Widget3DPassThrough_Translucent.uasset" 134
"../../../Engine/Content/EngineMaterials/Widget3DPassThrough_Translucent_OneSided.uasset" 135
"../../../Engine/Content/EngineMeshes/Cube.uasset" 136
"../../../Engine/Content/EngineMeshes/Cylinder.uasset" 137
"../../../Engine/Content/EngineMeshes/Sphere.uasset" 138
"../../../Engine/Content/EngineResources/Black.uasset" 139
"../../../Engine/Content/EngineResources/DefaultTexture.uasset" 140
"../../../Engine/Content/EngineResources/DefaultTextureCube.uasset" 141
"../../../Engine/Content/EngineResources/GradientTexture0.uasset" 142
"../../../Engine/Content/EngineSounds/Master.uasset" 143
"../../../Engine/Content/Functions/Engine_MaterialFunctions01/Shading/ConvertFromDiffSpec.uasset" 144
"../../../Engine/Content/Functions/Engine_MaterialFunctions01/Shading/PowerToRoughness.uasset" 145
"../../../Engine/Content/Maps/Templates/Thumbnails/Default.uasset" 146
"../../../Engine/Content/Maps/Templates/Thumbnails/VR-Basic.uasset" 147
"../../../Engine/Content/MobileResources/T_MobileControls_texture.uasset" 148
"../../../Engine/Content/MobileResources/T_MobileMenu2.uasset" 149
"../../../Engine/Content/MobileResources/HUD/AnalogHat.uasset" 150
"../../../Engine/Content/MobileResources/HUD/VirtualJoystick_Background.uasset" 151
"../../../Engine/Content/MobileResources/HUD/VirtualJoystick_Thumb.uasset" 152
"../../../Engine/Content/MobileResources/HUD/DefaultVirtualJoysticks.uasset" 153
"../../../Engine/Content/MobileResources/HUD/LeftVirtualJoystickOnly.uasset" 154
"../../../Engine/Content/MobileResources/HUD/MobileHUDButton1_off.uasset" 155
"../../../Engine/Content/MobileResources/HUD/MobileHUDButton1_on.uasset" 156
"../../../Engine/Content/MobileResources/HUD/MobileHUDButton2_off.uasset" 157
"../../../Engine/Content/MobileResources/HUD/MobileHUDButton2_on.uasset" 158
"../../../Engine/Content/MobileResources/HUD/MobileHUDButton3.uasset" 159
"../../../Engine/Content/MobileResources/HUD/MobileHUDButtonFire.uasset" 160
"../../../Engine/Content/MobileResources/HUD/MobileHUDDirectionPad.uasset" 161
"../../../Engine/Content/MobileResources/HUD/MobileHUDDirectionPad2.uasset" 162
"../../../Engine/Content/MobileResources/HUD/MobileHUDDirectionPad3.uasset" 163
"../../../Engine/Content/MobileResources/HUD/MobileHUDDirectionStick.uasset" 164
"../../../Engine/Content/MobileResources/HUD/T_Castle_ThumbstickInner.uasset" 165
"../../../Engine/Content/MobileResources/HUD/T_Castle_ThumbstickOutter.uasset" 166
"../../../Engine/Content/Tutorial/ContentIntroCurve.uasset" 167
"../../../Engine/Content/Tutorial/Basics/TutorialAssets/CameraActor_64x.uasset" 168
"../../../Engine/Content/Tutorial/Basics/TutorialAssets/icon_tab_Levels_40x.uasset" 169
"../../../Engine/Content/Tutorial/BlueprintTutorials/TutorialAssets/BlueprintInterface_64x.uasset" 170
"../../../Engine/Content/Tutorial/BlueprintTutorials/TutorialAssets/BlueprintMacroLibrary_64x.uasset" 171
"../../../Engine/Content/Tutorial/BlueprintTutorials/TutorialAssets/Blueprint_64x.uasset" 172
"../../../Engine/Content/Tutorial/BlueprintTutorials/TutorialAssets/Tutorial_BP_Interface.uasset" 173
"../../../Engine/Content/Tutorial/Foliage/TutorialAssets/Foliage.uasset" 174
"../../../Engine/Content/Tutorial/Landscape/TutorialAssets/Landscape.uasset" 175
"../../../Engine/Content/Tutorial/Paper2D/TutorialAssets/Paper2DFlipbook_TutorialIcon.uasset" 176
"../../../Engine/Content/Tutorial/Paper2D/TutorialAssets/Paper2DSprite_TutorialIcon.uasset" 177
"../../../Engine/Content/Tutorial/SubEditors/TutorialAssets/icon_Editor_Preferences_General_40x.uasset" 178
"../../../Engine/Content/Tutorial/SubEditors/TutorialAssets/icon_ShowSkeletalMeshes_40x.uasset" 179
"../../../Engine/Content/Tutorial/SubEditors/TutorialAssets/TutorialMaterial.uasset" 180
"../../../Engine/Content/Tutorial/SubEditors/TutorialAssets/T_SmokeSubUV_8X8.uasset" 181
"../../../Engine/Content/Tutorial/SubEditors/TutorialAssets/T_soft_smoke.uasset" 182
"../../../Engine/Content/Tutorial/SubEditors/TutorialAssets/M_smoke_subUV_blackbody.uasset" 183
"../../../Engine/Content/Tutorial/SubEditors/TutorialAssets/TutorialParticleSystem.uasset" 184
"../../../Engine/Content/VREditor/Devices/Generic/GenericHMDMaterial.uasset" 185
"../../../Engine/Content/VREditor/Devices/Generic/GenericHMD.uasset" 186
"../../../Engine/Content/VREditor/FloatingText/LineMaterial.uasset" 187
"../../../Engine/Content/VREditor/FloatingText/JointSphere.uasset" 188
"../../../Engine/Content/VREditor/FloatingText/LineSegmentCylinder.uasset" 189
"../../../Engine/Content/VREditor/Fonts/VRText_RobotoLarge.uasset" 190
"../../../Engine/Content/VREditor/Fonts/VRTextMaterial.uasset" 191
"../../../Engine/Content/VREditor/Fonts/TranslucentVRTextMaterial.uasset" 192
"../../../Engine/Content/VREditor/LaserPointer/CursorPointer.uasset" 193
"../../../Engine/Content/VREditor/LaserPointer/VR_LaserPower_01.uasset" 194
"../../../Engine/Content/VREditor/TransformGizmo/TransformGizmoMaterial.uasset" 195
"../../../Engine/Content/VREditor/LaserPointer/HoverMaterial.uasset" 196
"../../../Engine/Content/VREditor/TransformGizmo/TranslucentTransformGizmoMaterial.uasset" 197
"../../../Engine/Content/VREditor/LaserPointer/TranslucentHoverMaterial.uasset" 198
"../../../Engine/Content/VREditor/LaserPointer/HoverMesh.uasset" 199
"../../../Engine/Content/VREditor/LaserPointer/LaserPointerMaterial.uasset" 200
"../../../Engine/Content/VREditor/LaserPointer/LaserPointerMaterialInst.uasset" 201
"../../../Engine/Content/VREditor/LaserPointer/TranslucentLaserPointerMaterialInst.uasset" 202
"../../../Engine/Content/VREditor/LaserPointer/LaserPointerMesh.uasset" 203
"../../../Engine/Content/VREditor/LaserPointer/LaserPointerMesh_End.uasset" 204
"../../../Engine/Content/VREditor/LaserPointer/LaserPointerMesh_Start.uasset" 205
"../../../Engine/Content/Functions/Engine_MaterialFunctions02/Utility/BreakOutFloat3Components.uasset" 206
"../../../Engine/Content/Functions/Engine_MaterialFunctions02/Math/Transform3x3Matrix.uasset" 207
"../../../Engine/Content/Functions/Engine_MaterialFunctions02/SplitComponents.uasset" 208
"../../../Engine/Content/Functions/Engine_MaterialFunctions02/Utility/MakeFloat3.uasset" 209
"../../../Engine/Content/VREditor/SnapGrid/SnapGridMaterial.uasset" 210
"../../../Engine/Content/VREditor/SnapGrid/SnapGridPlaneMesh.uasset" 211
"../../../Engine/Content/VREditor/Sounds/VR_teleport.uasset" 212
"../../../Engine/Content/VREditor/Sounds/UI/Click_on_Button_Cue.uasset" 213
"../../../Engine/Content/VREditor/Sounds/UI/Dockable_Window_Close.uasset" 214
"../../../Engine/Content/VREditor/Sounds/UI/Dockable_Window_Drop.uasset" 215
"../../../Engine/Content/VREditor/Sounds/UI/Dockable_Window_Open.uasset" 216
"../../../Engine/Content/VREditor/Sounds/UI/Dockable_Window_Pick_Up.uasset" 217
"../../../Engine/Content/VREditor/Sounds/UI/Drop_Item_From_ContentBrowser.uasset" 218
"../../../Engine/Content/VREditor/Sounds/UI/Floating_UI_Open-001.uasset" 219
"../../../Engine/Content/VREditor/Sounds/UI/Gizmo_Handle_Clicked.uasset" 220
"../../../Engine/Content/VREditor/Sounds/UI/Object_PickUp.uasset" 221
"../../../Engine/Content/VREditor/Sounds/UI/Object_Snaps_To_Another_Actor.uasset" 222
"../../../Engine/Content/VREditor/Sounds/UI/Object_Snaps_To_Grid.uasset" 223
"../../../Engine/Content/VREditor/Sounds/UI/Radial_Menu_FadeOut.uasset" 224
"../../../Engine/Content/VREditor/Sounds/UI/Scaling_Down.uasset" 225
"../../../Engine/Content/VREditor/Sounds/UI/Scaling_Up.uasset" 226
"../../../Engine/Content/VREditor/Sounds/UI/Selection_Changes.uasset" 227
"../../../Engine/Content/VREditor/Sounds/UI/Teleport_Mode_Entered.uasset" 228
"../../../Engine/Content/VREditor/Teleport/TeleportDirectionMaterial.uasset" 229
"../../../Engine/Content/VREditor/Teleport/TeleportDirectionMaterial_Inst.uasset" 230
"../../../Engine/Content/VREditor/Teleport/TeleportDirectionMesh.uasset" 231
"../../../Engine/Content/VREditor/TransformGizmo/BoundingBoxCorner.uasset" 232
"../../../Engine/Content/VREditor/TransformGizmo/BoundingBoxEdge.uasset" 233
"../../../Engine/Content/VREditor/TransformGizmo/PlaneTranslationHandle.uasset" 234
"../../../Engine/Content/VREditor/TransformGizmo/RotationHandleFull.uasset" 235
"../../../Engine/Content/VREditor/TransformGizmo/RotationHandleIndicator.uasset" 236
"../../../Engine/Content/VREditor/TransformGizmo/RotationHandleQuarter.uasset" 237
"../../../Engine/Content/VREditor/TransformGizmo/Main.uasset" 238
"../../../Engine/Content/VREditor/TransformGizmo/Xray.uasset" 239
"../../../Engine/Content/VREditor/TransformGizmo/SM_Dialog_Close.uasset" 240
"../../../Engine/Content/VREditor/TransformGizmo/SM_Dialog_Move.uasset" 241
"../../../Engine/Content/VREditor/TransformGizmo/SM_Sequencer_Key.uasset" 242
"../../../Engine/Content/VREditor/TransformGizmo/SM_Sequencer_Node.uasset" 243
"../../../Engine/Content/VREditor/TransformGizmo/StartRotationHandleIndicator.uasset" 244
"../../../Engine/Content/VREditor/TransformGizmo/TranslucentTransformGizmoMaterial_Inst.uasset" 245
"../../../Engine/Content/VREditor/TransformGizmo/TransformGizmoFreeRotation.uasset" 246
"../../../Engine/Content/VREditor/TransformGizmo/TransformGizmoMaterial_Inst.uasset" 247
"../../../Engine/Content/VREditor/TransformGizmo/TranslateArrowHandle.uasset" 248
"../../../Engine/Content/VREditor/TransformGizmo/UniformScaleHandle.uasset" 249
"../../../Engine/Content/VREditor/UI/KeyDiskMaterial.uasset" 250
"../../../Engine/Content/VREditor/UI/DiscMaterial.uasset" 251
"../../../Engine/Content/VREditor/UI/SM_Radial_Disk.uasset" 252
"../../../Engine/Content/Functions/Engine_MaterialFunctions01/Gradient/RadialGradient.uasset" 253
"../../../Engine/Content/VREditor/WorldMovementGrid/SimpleGrid.uasset" 254
"../../../Engine/Content/VREditor/WorldMovementGrid/GridMaterial.uasset" 255
"../../../Engine/Content/Functions/Engine_MaterialFunctions01/Density/ExponentialDensity.uasset" 256
"../../../Engine/Content/VREditor/WorldMovementGrid/GridPostProcess.uasset" 257
"../../../Engine/Content/EditorLandscapeResources/FlattenHeightMat.uasset" 258
"../../../Engine/Content/VREditor/WorldMovementGrid/PlaneMesh.uasset" 259
"../../../Engine/Plugins/2D/Paper2D/Content/PlaceholderTextures/DummySpriteTexture.uasset" 260
"../../../Engine/Plugins/2D/Paper2D/Content/DummySprite.uasset" 261
"../../../Engine/Plugins/2D/Paper2D/Content/DefaultPaperTerrainMaterial.uasset" 262
"../../../Engine/Plugins/2D/Paper2D/Content/DefaultSpriteMaterial.uasset" 263
"../../../Engine/Plugins/2D/Paper2D/Content/MaskedUnlitSpriteMaterial.uasset" 264
"../../../Engine/Plugins/2D/Paper2D/Content/OpaqueUnlitSpriteMaterial.uasset" 265
"../../../Engine/Plugins/Media/MediaCompositing/Content/DefaultMediaPlaneMaterial.uasset" 266
"../../../Engine/Content/Functions/Engine_MaterialFunctions01/Texturing/ScaleUVsByCenter.uasset" 267
"../../../Engine/Content/Functions/Engine_MaterialFunctions02/Utility/MakeFloat4.uasset" 268
"../../../Engine/Plugins/Runtime/AppleARKit/Content/ARKitCameraMaterial.uasset" 269
"../../../Engine/Plugins/Runtime/Oculus/OculusVR/Content/Textures/GearVRController_AO.uasset" 270
"../../../Engine/Plugins/Runtime/Oculus/OculusVR/Content/Textures/GearVRController_Color.uasset" 271
"../../../Engine/Plugins/Runtime/Oculus/OculusVR/Content/Textures/GearVRController_Normal.uasset" 272
"../../../Engine/Plugins/Runtime/Oculus/OculusVR/Content/Materials/GearVRControllerMaterial.uasset" 273
"../../../Engine/Plugins/Runtime/Oculus/OculusVR/Content/Meshes/GearVrController.uasset" 274
"../../../Cyberspace/Content/instancalinija.uasset" 275
"../../../Cyberspace/Content/instancanutarnji.uasset" 276
"../../../Cyberspace/Content/instancavelki.uasset" 277
"../../../Cyberspace/Content/layerstruct.uasset" 278
"../../../Cyberspace/Content/icelevelsaveinstance.uasset" 279
"../../../Engine/Content/EditorBlueprintResources/StandardMacros.uasset" 280
"../../../Engine/Content/Functions/Engine_MaterialFunctions01/Texturing/DetailTexturing.uasset" 281
"../../../Cyberspace/Content/StarterContent/Textures/Tetrapak_istostranicni_textura.uasset" 282
"../../../Cyberspace/Content/StarterContent/Textures/Tetrapak_pravokutni_textura.uasset" 283
"../../../Cyberspace/Content/StarterContent/Materials/mojmqterijal1.uasset" 284
"../../../Cyberspace/Content/StarterContent/Materials/mojmqterijal2.uasset" 285
"../../../Cyberspace/Content/StarterContent/Textures/Tetrapak_istostranicni_textura_root.uasset" 286
"../../../Cyberspace/Content/StarterContent/Materials/rootmaterijal66kut.uasset" 287
"../../../Cyberspace/Content/StarterContent/Textures/Tetrapak_pravokutni_textura_root.uasset" 288
"../../../Cyberspace/Content/StarterContent/Materials/rootmaterijalpravikut.uasset" 289
"../../../Cyberspace/Content/Material.uasset" 290
"../../../Cyberspace/Content/Linija9.uasset" 291
"../../../Cyberspace/Content/Tetrapak_pravokutni-5.uasset" 292
"../../../Cyberspace/Content/Tetrapak_pravokutni-6.uasset" 293
"../../../Cyberspace/Content/Blueprints/ucitaj_ice_nivo/generic_igra_ice1.uasset" 294
"../../../Cyberspace/Content/CyberspaceGame/Levels/GAmeLevel1_BuiltData.uasset" 295
"../../../Cyberspace/Content/CyberspaceGame/Levels/GAmeLevel1.umap" 296
"../../../Cyberspace/Content/CyberspaceGame/Levels/GenericIceLevel1_BuiltData.uasset" 297
"../../../Cyberspace/Content/CyberspaceGame/Levels/GenericIceLevel1.umap" 298
"../../../Cyberspace/Content/CyberspaceGame/Fonts/QuarcaCondRegular.uasset" 299
"../../../Cyberspace/Content/CyberspaceGame/Fonts/QuarcaCondRegular_Font.uasset" 300
"../../../Cyberspace/Content/CyberspaceGame/Fonts/QuarcaNormBold.uasset" 301
"../../../Cyberspace/Content/CyberspaceGame/Fonts/QuarcaNormBold_Font.uasset" 302
"../../../Cyberspace/Content/CyberspaceGame/Fonts/Roboto-Black.uasset" 303
"../../../Cyberspace/Content/CyberspaceGame/Fonts/Roboto-Black_Font.uasset" 304
"../../../Cyberspace/Content/CyberspaceGame/Fonts/RobotoCondensed-Italic.uasset" 305
"../../../Cyberspace/Content/CyberspaceGame/Fonts/RobotoCondensed-Italic_Font.uasset" 306
"../../../Cyberspace/Content/CyberspaceGame/MainMenu_Game/Enumeration_Audio_Sliders.uasset" 307
"../../../Cyberspace/Content/CyberspaceGame/MainMenu_Game/Enumeration_Settings.uasset" 308
"../../../Cyberspace/Content/CyberspaceGame/MainMenu_Game/Enumeration_Visuals.uasset" 309
"../../../Cyberspace/Content/CyberspaceGame/MainMenu_Game/Images/Gumb_obrubljeni3.uasset" 310
"../../../Cyberspace/Content/CyberspaceGame/MainMenu_Game/Images/Gumb_obrubljeni3_CLICKED_TRANS.uasset" 311
"../../../Cyberspace/Content/CyberspaceGame/MainMenu_Game/Images/NewMainMenu/Audio_new2.uasset" 312
"../../../Cyberspace/Content/CyberspaceGame/MainMenu_Game/Images/NewMainMenu/Brightness_pictures/Slider.uasset" 313
"../../../Cyberspace/Content/CyberspaceGame/MainMenu_Game/Images/NewMainMenu/Brightness_pictures/Target31_bright.uasset" 314
"../../../Cyberspace/Content/CyberspaceGame/MainMenu_Game/Images/NewMainMenu/Brightness_pictures/Target31_low.uasset" 315
"../../../Cyberspace/Content/CyberspaceGame/MainMenu_Game/Images/NewMainMenu/Brightness_pictures/Target31_middle.uasset" 316
"../../../Cyberspace/Content/CyberspaceGame/MainMenu_Game/Images/NewMainMenu/DoyouwanttoapplychangesSettings_new2.uasset" 317
"../../../Cyberspace/Content/CyberspaceGame/MainMenu_Game/Sounds/beep-07.uasset" 318
"../../../Cyberspace/Content/CyberspaceGame/MainMenu_Game/Sounds/button-15_low.uasset" 319
"../../../Cyberspace/Content/CyberspaceGame/MainMenu_Game/Sounds/button-17.uasset" 320
"../../../Cyberspace/Content/CyberspaceGame/MainMenu_Game/Sounds/Click_noise.uasset" 321
"../../../Cyberspace/Content/CyberspaceGame/MainMenu_Game/MainMenu2.uasset" 322
"../../../Cyberspace/Content/CyberspaceGame/Levels/MainMenuLevel_BuiltData.uasset" 323
"../../../Engine/Content/BasicShapes/BasicShapeMaterial.uasset" 324
"../../../Engine/Content/BasicShapes/Cube.uasset" 325
"../../../Engine/Content/BasicShapes/Sphere.uasset" 326
"../../../Cyberspace/Content/CyberspaceGame/MainMenu_Game/Sounds/1950467_tension-action-loop_by_symphony-of-specter.uasset" 327
"../../../Cyberspace/Content/CyberspaceGame/MainMenu_Game/Sounds/1950467_tension-action-loop_by_symphony-of-specter_Cue.uasset" 328
"../../../Cyberspace/Content/CyberspaceGame/MainMenu_Game/Sounds/SFXMusicUR4_Sample_Cue.uasset" 329
"../../../Cyberspace/Content/CyberspaceGame/MainMenu_Game/Sounds/SpeechMusicUR4_SAmple_CUE.uasset" 330
"../../../Cyberspace/Content/CyberspaceGame/MainMenu_Game/Sounds/VideoMusicUR4_Sample.uasset" 331
"../../../Cyberspace/Content/CyberspaceGame/MainMenu_Game/Sounds/VideoMusicUR4_Sample_Cue.uasset" 332
"../../../Cyberspace/Content/CyberspaceGame/Levels/MainMenuLevel.umap" 333
"../../../Cyberspace/Content/CyberspaceGame/MainMenu_Game/Sounds/390475_tjcason_lasersound_short_Cue1.uasset" 334
"../../../Cyberspace/Content/CyberspaceGame/Levels/MainMenuLevelBackupSFX.umap" 335
"../../../Cyberspace/Content/CyberspaceGame/Levels/NewMap_BuiltData.uasset" 336
"../../../Cyberspace/Content/CyberspaceGame/Blueprints/structures/stepenice.uasset" 337
"../../../Cyberspace/Content/CyberspaceGame/Levels/NewMap.umap" 338
"../../../Cyberspace/Content/CyberspaceGame/Levels/Test_level_Gaudi.umap" 339
"../../../Engine/Content/Maps/Entry.umap" 340
